#
# There is insufficient memory for the Java Runtime Environment to continue.
# Native memory allocation (mmap) failed to map 102760448 bytes. Error detail: G1 virtual space
# Possible reasons:
#   The system is out of physical RAM or swap space
#   This process is running with CompressedOops enabled, and the Java Heap may be blocking the growth of the native heap
# Possible solutions:
#   Reduce memory load on the system
#   Increase physical memory or swap space
#   Check if swap backing store is full
#   Decrease Java heap size (-Xmx/-Xms)
#   Decrease number of Java threads
#   Decrease Java thread stack sizes (-Xss)
#   Set larger code cache with -XX:ReservedCodeCacheSize=
#   JVM is running with Unscaled Compressed Oops mode in which the Java heap is
#     placed in the first 4GB address space. The Java Heap base address is the
#     maximum limit for the native heap growth. Please use -XX:HeapBaseMinAddress
#     to set the Java Heap base and to place the Java Heap above 4GB virtual address.
# This output file may be truncated or incomplete.
#
#  Out of Memory Error (os_windows.cpp:3614), pid=8268, tid=16440
#
# JRE version: OpenJDK Runtime Environment Corretto-17.0.13.11.1 (17.0.13+11) (build 17.0.13+11-LTS)
# Java VM: OpenJDK 64-Bit Server VM Corretto-17.0.13.11.1 (17.0.13+11-LTS, mixed mode, sharing, tiered, compressed oops, compressed class ptrs, g1 gc, windows-amd64)
# No core dump will be written. Minidumps are not enabled by default on client versions of Windows
#

---------------  S U M M A R Y ------------

Command Line: -XX:MaxMetaspaceSize=512m --add-opens=java.base/java.util=ALL-UNNAMED --add-opens=java.base/java.lang=ALL-UNNAMED --add-opens=java.base/java.lang.invoke=ALL-UNNAMED --add-opens=java.prefs/java.util.prefs=ALL-UNNAMED --add-exports=jdk.compiler/com.sun.tools.javac.api=ALL-UNNAMED --add-exports=jdk.compiler/com.sun.tools.javac.util=ALL-UNNAMED --add-opens=java.base/java.nio.charset=ALL-UNNAMED --add-opens=java.base/java.net=ALL-UNNAMED --add-opens=java.base/java.util.concurrent.atomic=ALL-UNNAMED -Xmx2048m -Dfile.encoding=windows-1252 -Duser.country=RU -Duser.language=ru -Duser.variant -javaagent:C:\Users\jb300\.gradle\wrapper\dists\gradle-8.10.2-all\7iv73wktx1xtkvlq19urqw1wm\gradle-8.10.2\lib\agents\gradle-instrumentation-agent-8.10.2.jar org.gradle.launcher.daemon.bootstrap.GradleDaemon 8.10.2

Host: AMD Ryzen 7 4700U with Radeon Graphics         , 8 cores, 7G,  Windows 10 , 64 bit Build 19041 (10.0.19041.5198)
Time: Wed Jan 15 13:26:54 2025 GMT - ws 10 , 64 bit Build 19041 (10.0.19041.5198) elapsed time: 46.318263 seconds (0d 0h 0m 46s)

---------------  T H R E A D  ---------------

Current thread (0x000001d8c09bbd00):  VMThread "VM Thread" [stack: 0x0000006b96f00000,0x0000006b97000000] [id=16440]

Stack: [0x0000006b96f00000,0x0000006b97000000]
Native frames: (J=compiled Java code, j=interpreted, Vv=VM code, C=native code)
V  [jvm.dll+0x680c19]
V  [jvm.dll+0x83888a]
V  [jvm.dll+0x83a34e]
V  [jvm.dll+0x83a9b3]
V  [jvm.dll+0x2481af]
V  [jvm.dll+0x67d959]
V  [jvm.dll+0x67242a]
V  [jvm.dll+0x30813b]
V  [jvm.dll+0x30f626]
V  [jvm.dll+0x35f94e]
V  [jvm.dll+0x35fb8f]
V  [jvm.dll+0x2df0ec]
V  [jvm.dll+0x2dd4af]
V  [jvm.dll+0x2dcbdc]
V  [jvm.dll+0x32037b]
V  [jvm.dll+0x83eead]
V  [jvm.dll+0x83fbf2]
V  [jvm.dll+0x84011f]
V  [jvm.dll+0x840504]
V  [jvm.dll+0x8405d0]
V  [jvm.dll+0x7e7b2c]
V  [jvm.dll+0x67fae7]
C  [ucrtbase.dll+0x21bb2]
C  [KERNEL32.DLL+0x17374]
C  [ntdll.dll+0x4cc91]

VM_Operation (0x0000006b986f3220): G1CollectForAllocation, mode: safepoint, requested by thread 0x000001d8e024c770


---------------  P R O C E S S  ---------------

Threads class SMR info:
_java_thread_list=0x000001d8e3c29ca0, length=64, elements={
0x000001d8a2522db0, 0x000001d8c09c2310, 0x000001d8c09c44b0, 0x000001d8c09e0370,
0x000001d8c09e2c50, 0x000001d8c09e3520, 0x000001d8c09e4590, 0x000001d8c09e5240,
0x000001d8c09e63a0, 0x000001d8c09eb870, 0x000001d8c09aa520, 0x000001d8c0d776f0,
0x000001d8e0ef6290, 0x000001d8e147ecf0, 0x000001d8e17c9810, 0x000001d8e16dc7a0,
0x000001d8e0c76740, 0x000001d8e024cc80, 0x000001d8e024c770, 0x000001d8e024d190,
0x000001d8e024c260, 0x000001d8e024d6a0, 0x000001d8e14cd380, 0x000001d8e14cbf40,
0x000001d8e14ce2b0, 0x000001d8e14ce7c0, 0x000001d8e14cb010, 0x000001d8e14cecd0,
0x000001d8e14cc450, 0x000001d8e14cf6f0, 0x000001d8e14cfc00, 0x000001d8e14d0b30,
0x000001d8e14d0110, 0x000001d8e14cb520, 0x000001d8e14cc960, 0x000001d8e41a8510,
0x000001d8e41a9440, 0x000001d8e41ad610, 0x000001d8e41aa370, 0x000001d8e41af470,
0x000001d8e41aa880, 0x000001d8e41acbf0, 0x000001d8e41aea50, 0x000001d8e41a8000,
0x000001d8e41af980, 0x000001d8e41a9950, 0x000001d8e41a8a20, 0x000001d8e41a9e60,
0x000001d8e41ad100, 0x000001d8e41aef60, 0x000001d8e41aad90, 0x000001d8e41abcc0,
0x000001d8e41adb20, 0x000001d8e41ae030, 0x000001d8e41ab2a0, 0x000001d8e41ae540,
0x000001d8e024dbb0, 0x000001d8e4672ce0, 0x000001d8e4675a70, 0x000001d8e46731f0,
0x000001d8e46722c0, 0x000001d8e4676eb0, 0x000001d8e4674b40, 0x000001d8e466ff50
}

Java Threads: ( => current thread )
  0x000001d8a2522db0 JavaThread "main" [_thread_blocked, id=34200, stack(0x0000006b96900000,0x0000006b96a00000)]
  0x000001d8c09c2310 JavaThread "Reference Handler" daemon [_thread_blocked, id=30704, stack(0x0000006b97000000,0x0000006b97100000)]
  0x000001d8c09c44b0 JavaThread "Finalizer" daemon [_thread_blocked, id=19628, stack(0x0000006b97100000,0x0000006b97200000)]
  0x000001d8c09e0370 JavaThread "Signal Dispatcher" daemon [_thread_blocked, id=27388, stack(0x0000006b97200000,0x0000006b97300000)]
  0x000001d8c09e2c50 JavaThread "Attach Listener" daemon [_thread_blocked, id=28552, stack(0x0000006b97300000,0x0000006b97400000)]
  0x000001d8c09e3520 JavaThread "Service Thread" daemon [_thread_blocked, id=34844, stack(0x0000006b97400000,0x0000006b97500000)]
  0x000001d8c09e4590 JavaThread "Monitor Deflation Thread" daemon [_thread_blocked, id=16660, stack(0x0000006b97500000,0x0000006b97600000)]
  0x000001d8c09e5240 JavaThread "C2 CompilerThread0" daemon [_thread_blocked, id=33316, stack(0x0000006b97600000,0x0000006b97700000)]
  0x000001d8c09e63a0 JavaThread "C1 CompilerThread0" daemon [_thread_blocked, id=15776, stack(0x0000006b97700000,0x0000006b97800000)]
  0x000001d8c09eb870 JavaThread "Sweeper thread" daemon [_thread_blocked, id=18688, stack(0x0000006b97800000,0x0000006b97900000)]
  0x000001d8c09aa520 JavaThread "Common-Cleaner" daemon [_thread_blocked, id=35316, stack(0x0000006b97900000,0x0000006b97a00000)]
  0x000001d8c0d776f0 JavaThread "Notification Thread" daemon [_thread_blocked, id=7556, stack(0x0000006b97a00000,0x0000006b97b00000)]
  0x000001d8e0ef6290 JavaThread "Daemon health stats" [_thread_blocked, id=33748, stack(0x0000006b98000000,0x0000006b98100000)]
  0x000001d8e147ecf0 JavaThread "Incoming local TCP Connector on port 57278" [_thread_in_native, id=26336, stack(0x0000006b98100000,0x0000006b98200000)]
  0x000001d8e17c9810 JavaThread "Daemon periodic checks" [_thread_blocked, id=24612, stack(0x0000006b98200000,0x0000006b98300000)]
  0x000001d8e16dc7a0 JavaThread "Daemon" [_thread_blocked, id=23556, stack(0x0000006b98300000,0x0000006b98400000)]
  0x000001d8e0c76740 JavaThread "Handler for socket connection from /127.0.0.1:57278 to /127.0.0.1:57279" [_thread_in_native, id=26064, stack(0x0000006b98400000,0x0000006b98500000)]
  0x000001d8e024cc80 JavaThread "Cancel handler" [_thread_blocked, id=19440, stack(0x0000006b98500000,0x0000006b98600000)]
  0x000001d8e024c770 JavaThread "Daemon worker" [_thread_blocked, id=4404, stack(0x0000006b98600000,0x0000006b98700000)]
  0x000001d8e024d190 JavaThread "Asynchronous log dispatcher for DefaultDaemonConnection: socket connection from /127.0.0.1:57278 to /127.0.0.1:57279" [_thread_blocked, id=30396, stack(0x0000006b98700000,0x0000006b98800000)]
  0x000001d8e024c260 JavaThread "Stdin handler" [_thread_blocked, id=17760, stack(0x0000006b98800000,0x0000006b98900000)]
  0x000001d8e024d6a0 JavaThread "Daemon client event forwarder" [_thread_blocked, id=30408, stack(0x0000006b98900000,0x0000006b98a00000)]
  0x000001d8e14cd380 JavaThread "Cache worker for journal cache (C:\Users\jb300\.gradle\caches\journal-1)" [_thread_blocked, id=27428, stack(0x0000006b98a00000,0x0000006b98b00000)]
  0x000001d8e14cbf40 JavaThread "File lock request listener" [_thread_in_native, id=29284, stack(0x0000006b98b00000,0x0000006b98c00000)]
  0x000001d8e14ce2b0 JavaThread "Cache worker for file hash cache (C:\Users\jb300\.gradle\caches\8.10.2\fileHashes)" [_thread_blocked, id=34076, stack(0x0000006b98c00000,0x0000006b98d00000)]
  0x000001d8e14ce7c0 JavaThread "Cache worker for file hash cache (C:\Users\jb300\Desktop\UbiCompLabs\Assignment 2\Flashcard-App\android\.gradle\8.10.2\fileHashes)" [_thread_blocked, id=4872, stack(0x0000006b99000000,0x0000006b99100000)]
  0x000001d8e14cb010 JavaThread "Cache worker for Build Output Cleanup Cache (C:\Users\jb300\Desktop\UbiCompLabs\Assignment 2\Flashcard-App\android\.gradle\buildOutputCleanup)" [_thread_blocked, id=18780, stack(0x0000006b99100000,0x0000006b99200000)]
  0x000001d8e14cecd0 JavaThread "File watcher server" daemon [_thread_blocked, id=18660, stack(0x0000006b99300000,0x0000006b99400000)]
  0x000001d8e14cc450 JavaThread "File watcher consumer" daemon [_thread_blocked, id=7660, stack(0x0000006b99400000,0x0000006b99500000)]
  0x000001d8e14cf6f0 JavaThread "Cache worker for checksums cache (C:\Users\jb300\Desktop\UbiCompLabs\Assignment 2\Flashcard-App\android\.gradle\8.10.2\checksums)" [_thread_blocked, id=22516, stack(0x0000006b99500000,0x0000006b99600000)]
  0x000001d8e14cfc00 JavaThread "Cache worker for file content cache (C:\Users\jb300\.gradle\caches\8.10.2\fileContent)" [_thread_blocked, id=29116, stack(0x0000006b99600000,0x0000006b99700000)]
  0x000001d8e14d0b30 JavaThread "Cache worker for cache directory md-rule (C:\Users\jb300\.gradle\caches\8.10.2\md-rule)" [_thread_blocked, id=17572, stack(0x0000006b99700000,0x0000006b99800000)]
  0x000001d8e14d0110 JavaThread "Cache worker for cache directory md-supplier (C:\Users\jb300\.gradle\caches\8.10.2\md-supplier)" [_thread_blocked, id=35064, stack(0x0000006b99800000,0x0000006b99900000)]
  0x000001d8e14cb520 JavaThread "jar transforms" [_thread_blocked, id=10252, stack(0x0000006b99a00000,0x0000006b99b00000)]
  0x000001d8e14cc960 JavaThread "Cache worker for Build Output Cleanup Cache (C:\Users\jb300\Desktop\UbiCompLabs\Assignment 2\Flashcard-App\node_modules\@react-native\gradle-plugin\.gradle\buildOutputCleanup)" [_thread_blocked, id=6928, stack(0x0000006b99b00000,0x0000006b99c00000)]
  0x000001d8e41a8510 JavaThread "Unconstrained build operations" [_thread_blocked, id=10136, stack(0x0000006b99d00000,0x0000006b99e00000)]
  0x000001d8e41a9440 JavaThread "Unconstrained build operations Thread 2" [_thread_blocked, id=33396, stack(0x0000006b99e00000,0x0000006b99f00000)]
  0x000001d8e41ad610 JavaThread "Unconstrained build operations Thread 3" [_thread_blocked, id=7764, stack(0x0000006b99f00000,0x0000006b9a000000)]
  0x000001d8e41aa370 JavaThread "Unconstrained build operations Thread 4" [_thread_blocked, id=11656, stack(0x0000006b9a000000,0x0000006b9a100000)]
  0x000001d8e41af470 JavaThread "Unconstrained build operations Thread 5" [_thread_blocked, id=3444, stack(0x0000006b9a100000,0x0000006b9a200000)]
  0x000001d8e41aa880 JavaThread "Unconstrained build operations Thread 6" [_thread_blocked, id=28764, stack(0x0000006b9a200000,0x0000006b9a300000)]
  0x000001d8e41acbf0 JavaThread "Unconstrained build operations Thread 7" [_thread_blocked, id=28940, stack(0x0000006b9a300000,0x0000006b9a400000)]
  0x000001d8e41aea50 JavaThread "Unconstrained build operations Thread 8" [_thread_blocked, id=32796, stack(0x0000006b9a400000,0x0000006b9a500000)]
  0x000001d8e41a8000 JavaThread "Unconstrained build operations Thread 9" [_thread_blocked, id=33928, stack(0x0000006b9a500000,0x0000006b9a600000)]
  0x000001d8e41af980 JavaThread "Unconstrained build operations Thread 10" [_thread_blocked, id=24180, stack(0x0000006b9a600000,0x0000006b9a700000)]
  0x000001d8e41a9950 JavaThread "Unconstrained build operations Thread 11" [_thread_blocked, id=3840, stack(0x0000006b9a700000,0x0000006b9a800000)]
  0x000001d8e41a8a20 JavaThread "Unconstrained build operations Thread 12" [_thread_blocked, id=22472, stack(0x0000006b9a800000,0x0000006b9a900000)]
  0x000001d8e41a9e60 JavaThread "Unconstrained build operations Thread 13" [_thread_blocked, id=27500, stack(0x0000006b9a900000,0x0000006b9aa00000)]
  0x000001d8e41ad100 JavaThread "Unconstrained build operations Thread 14" [_thread_blocked, id=16668, stack(0x0000006b9aa00000,0x0000006b9ab00000)]
  0x000001d8e41aef60 JavaThread "Unconstrained build operations Thread 15" [_thread_blocked, id=27544, stack(0x0000006b9ab00000,0x0000006b9ac00000)]
  0x000001d8e41aad90 JavaThread "Unconstrained build operations Thread 16" [_thread_blocked, id=26504, stack(0x0000006b9ac00000,0x0000006b9ad00000)]
  0x000001d8e41abcc0 JavaThread "Unconstrained build operations Thread 17" [_thread_blocked, id=19952, stack(0x0000006b9ad00000,0x0000006b9ae00000)]
  0x000001d8e41adb20 JavaThread "Unconstrained build operations Thread 18" [_thread_blocked, id=27928, stack(0x0000006b9ae00000,0x0000006b9af00000)]
  0x000001d8e41ae030 JavaThread "Unconstrained build operations Thread 19" [_thread_blocked, id=34196, stack(0x0000006b9af00000,0x0000006b9b000000)]
  0x000001d8e41ab2a0 JavaThread "Unconstrained build operations Thread 20" [_thread_blocked, id=31064, stack(0x0000006b9b000000,0x0000006b9b100000)]
  0x000001d8e41ae540 JavaThread "Unconstrained build operations Thread 21" [_thread_blocked, id=18600, stack(0x0000006b9b100000,0x0000006b9b200000)]
  0x000001d8e024dbb0 JavaThread "Unconstrained build operations Thread 22" [_thread_blocked, id=14272, stack(0x0000006b9b200000,0x0000006b9b300000)]
  0x000001d8e4672ce0 JavaThread "Unconstrained build operations Thread 23" [_thread_blocked, id=28576, stack(0x0000006b9b300000,0x0000006b9b400000)]
  0x000001d8e4675a70 JavaThread "Unconstrained build operations Thread 24" [_thread_blocked, id=26704, stack(0x0000006b9b400000,0x0000006b9b500000)]
  0x000001d8e46731f0 JavaThread "Unconstrained build operations Thread 25" [_thread_blocked, id=34724, stack(0x0000006b9b500000,0x0000006b9b600000)]
  0x000001d8e46722c0 JavaThread "Unconstrained build operations Thread 26" [_thread_blocked, id=20980, stack(0x0000006b9b600000,0x0000006b9b700000)]
  0x000001d8e4676eb0 JavaThread "Unconstrained build operations Thread 27" [_thread_blocked, id=14268, stack(0x0000006b9b700000,0x0000006b9b800000)]
  0x000001d8e4674b40 JavaThread "Memory manager" [_thread_blocked, id=26924, stack(0x0000006b9b800000,0x0000006b9b900000)]
  0x000001d8e466ff50 JavaThread "build event listener" [_thread_blocked, id=25088, stack(0x0000006b9b900000,0x0000006b9ba00000)]

Other Threads:
=>0x000001d8c09bbd00 VMThread "VM Thread" [stack: 0x0000006b96f00000,0x0000006b97000000] [id=16440]
  0x000001d8c0cb8800 WatcherThread [stack: 0x0000006b97b00000,0x0000006b97c00000] [id=28684]
  0x000001d8a257ee80 GCTaskThread "GC Thread#0" [stack: 0x0000006b96a00000,0x0000006b96b00000] [id=1600]
  0x000001d8e0218a80 GCTaskThread "GC Thread#1" [stack: 0x0000006b97c00000,0x0000006b97d00000] [id=33724]
  0x000001d8e039ae60 GCTaskThread "GC Thread#2" [stack: 0x0000006b97d00000,0x0000006b97e00000] [id=1548]
  0x000001d8e0a82e00 GCTaskThread "GC Thread#3" [stack: 0x0000006b97e00000,0x0000006b97f00000] [id=14512]
  0x000001d8e0bc5bf0 GCTaskThread "GC Thread#4" [stack: 0x0000006b97f00000,0x0000006b98000000] [id=1332]
  0x000001d8e2fd65e0 GCTaskThread "GC Thread#5" [stack: 0x0000006b98d00000,0x0000006b98e00000] [id=7800]
  0x000001d8e1d1fe60 GCTaskThread "GC Thread#6" [stack: 0x0000006b98e00000,0x0000006b98f00000] [id=16100]
  0x000001d8e1d20120 GCTaskThread "GC Thread#7" [stack: 0x0000006b98f00000,0x0000006b99000000] [id=10524]
  0x000001d8a25d0010 ConcurrentGCThread "G1 Main Marker" [stack: 0x0000006b96b00000,0x0000006b96c00000] [id=23384]
  0x000001d8a25d10e0 ConcurrentGCThread "G1 Conc#0" [stack: 0x0000006b96c00000,0x0000006b96d00000] [id=33304]
  0x000001d8e2f29000 ConcurrentGCThread "G1 Conc#1" [stack: 0x0000006b99200000,0x0000006b99300000] [id=27472]
  0x000001d8c0878540 ConcurrentGCThread "G1 Refine#0" [stack: 0x0000006b96d00000,0x0000006b96e00000] [id=32392]
  0x000001d8e2e16060 ConcurrentGCThread "G1 Refine#1" [stack: 0x0000006b99900000,0x0000006b99a00000] [id=5672]
  0x000001d8c087ae90 ConcurrentGCThread "G1 Service" [stack: 0x0000006b96e00000,0x0000006b96f00000] [id=22504]

Threads with active compile tasks:
C2 CompilerThread0    46384 7902       4       com.google.common.collect.ImmutableSet$RegularSetBuilderImpl::add (68 bytes)

VM state: at safepoint (normal execution)

VM Mutex/Monitor currently owned by a thread:  ([mutex/lock_event])
[0x000001d8a251f8c0] Threads_lock - owner thread: 0x000001d8c09bbd00
[0x000001d8a251f170] Heap_lock - owner thread: 0x000001d8e024c770

Heap address: 0x0000000080000000, size: 2048 MB, Compressed Oops mode: 32-bit

CDS archive(s) mapped at: [0x000001d8c1000000-0x000001d8c1bb0000-0x000001d8c1bb0000), size 12255232, SharedBaseAddress: 0x000001d8c1000000, ArchiveRelocationMode: 1.
Compressed class space mapped at: 0x000001d8c2000000-0x000001d8dc000000, reserved size: 436207616
Narrow klass base: 0x000001d8c1000000, Narrow klass shift: 0, Narrow klass range: 0x100000000

GC Precious Log:
 CPUs: 8 total, 8 available
 Memory: 7549M
 Large Page Support: Disabled
 NUMA Support: Disabled
 Compressed Oops: Enabled (32-bit)
 Heap Region Size: 1M
 Heap Min Capacity: 8M
 Heap Initial Capacity: 118M
 Heap Max Capacity: 2G
 Pre-touch: Disabled
 Parallel Workers: 8
 Concurrent Workers: 2
 Concurrent Refinement Workers: 8
 Periodic GC: Disabled

Heap:
 garbage-first heap   total 122880K, used 69483K [0x0000000080000000, 0x0000000100000000)
  region size 1024K, 1 young (1024K), 1 survivors (1024K)
 Metaspace       used 68875K, committed 69504K, reserved 491520K
  class space    used 9635K, committed 9920K, reserved 425984K

Heap Regions: E=young(eden), S=young(survivor), O=old, HS=humongous(starts), HC=humongous(continues), CS=collection set, F=free, OA=open archive, CA=closed archive, TAMS=top-at-mark-start (previous, next)
|   0|0x0000000080000000, 0x0000000080100000, 0x0000000080100000|100%| O|  |TAMS 0x0000000080100000, 0x0000000080000000| Untracked 
|   1|0x0000000080100000, 0x0000000080200000, 0x0000000080200000|100%| O|  |TAMS 0x0000000080200000, 0x0000000080100000| Untracked 
|   2|0x0000000080200000, 0x0000000080300000, 0x0000000080300000|100%|HS|  |TAMS 0x0000000080300000, 0x0000000080200000| Complete 
|   3|0x0000000080300000, 0x0000000080400000, 0x0000000080400000|100%|HC|  |TAMS 0x0000000080400000, 0x0000000080300000| Complete 
|   4|0x0000000080400000, 0x0000000080500000, 0x0000000080500000|100%|HC|  |TAMS 0x0000000080500000, 0x0000000080400000| Complete 
|   5|0x0000000080500000, 0x0000000080600000, 0x0000000080600000|100%|HC|  |TAMS 0x0000000080600000, 0x0000000080500000| Complete 
|   6|0x0000000080600000, 0x0000000080700000, 0x0000000080700000|100%| O|  |TAMS 0x0000000080700000, 0x0000000080600000| Untracked 
|   7|0x0000000080700000, 0x0000000080800000, 0x0000000080800000|100%| O|  |TAMS 0x0000000080800000, 0x0000000080700000| Untracked 
|   8|0x0000000080800000, 0x0000000080900000, 0x0000000080900000|100%| O|  |TAMS 0x0000000080900000, 0x0000000080800000| Untracked 
|   9|0x0000000080900000, 0x0000000080a00000, 0x0000000080a00000|100%|HS|  |TAMS 0x0000000080a00000, 0x0000000080900000| Complete 
|  10|0x0000000080a00000, 0x0000000080b00000, 0x0000000080b00000|100%| O|  |TAMS 0x0000000080b00000, 0x0000000080a00000| Untracked 
|  11|0x0000000080b00000, 0x0000000080c00000, 0x0000000080c00000|100%| O|  |TAMS 0x0000000080c00000, 0x0000000080b00000| Untracked 
|  12|0x0000000080c00000, 0x0000000080d00000, 0x0000000080d00000|100%| O|  |TAMS 0x0000000080d00000, 0x0000000080c00000| Untracked 
|  13|0x0000000080d00000, 0x0000000080e00000, 0x0000000080e00000|100%| O|  |TAMS 0x0000000080e00000, 0x0000000080d00000| Untracked 
|  14|0x0000000080e00000, 0x0000000080f00000, 0x0000000080f00000|100%| O|  |TAMS 0x0000000080f00000, 0x0000000080e00000| Untracked 
|  15|0x0000000080f00000, 0x0000000081000000, 0x0000000081000000|100%| O|  |TAMS 0x0000000081000000, 0x0000000080f00000| Untracked 
|  16|0x0000000081000000, 0x0000000081100000, 0x0000000081100000|100%| O|  |TAMS 0x0000000081100000, 0x0000000081000000| Untracked 
|  17|0x0000000081100000, 0x0000000081200000, 0x0000000081200000|100%| O|  |TAMS 0x0000000081200000, 0x0000000081100000| Untracked 
|  18|0x0000000081200000, 0x0000000081300000, 0x0000000081300000|100%| O|  |TAMS 0x0000000081300000, 0x0000000081200000| Untracked 
|  19|0x0000000081300000, 0x0000000081400000, 0x0000000081400000|100%| O|  |TAMS 0x0000000081400000, 0x0000000081300000| Untracked 
|  20|0x0000000081400000, 0x0000000081500000, 0x0000000081500000|100%| O|  |TAMS 0x0000000081500000, 0x0000000081400000| Untracked 
|  21|0x0000000081500000, 0x0000000081500000, 0x0000000081600000|  0%| F|  |TAMS 0x0000000081500000, 0x0000000081500000| Untracked 
|  22|0x0000000081600000, 0x0000000081700000, 0x0000000081700000|100%| O|  |TAMS 0x0000000081700000, 0x0000000081600000| Untracked 
|  23|0x0000000081700000, 0x0000000081800000, 0x0000000081800000|100%| O|  |TAMS 0x0000000081800000, 0x0000000081700000| Untracked 
|  24|0x0000000081800000, 0x0000000081900000, 0x0000000081900000|100%| O|  |TAMS 0x0000000081900000, 0x0000000081800000| Untracked 
|  25|0x0000000081900000, 0x0000000081a00000, 0x0000000081a00000|100%| O|  |TAMS 0x0000000081a00000, 0x0000000081900000| Untracked 
|  26|0x0000000081a00000, 0x0000000081b00000, 0x0000000081b00000|100%| O|  |TAMS 0x0000000081b00000, 0x0000000081a00000| Untracked 
|  27|0x0000000081b00000, 0x0000000081c00000, 0x0000000081c00000|100%| O|  |TAMS 0x0000000081b00000, 0x0000000081b00000| Untracked 
|  28|0x0000000081c00000, 0x0000000081d00000, 0x0000000081d00000|100%| O|  |TAMS 0x0000000081d00000, 0x0000000081c00000| Untracked 
|  29|0x0000000081d00000, 0x0000000081e00000, 0x0000000081e00000|100%| O|  |TAMS 0x0000000081e00000, 0x0000000081d00000| Untracked 
|  30|0x0000000081e00000, 0x0000000081f00000, 0x0000000081f00000|100%| O|  |TAMS 0x0000000081f00000, 0x0000000081e00000| Untracked 
|  31|0x0000000081f00000, 0x0000000082000000, 0x0000000082000000|100%| O|  |TAMS 0x0000000082000000, 0x0000000081f00000| Untracked 
|  32|0x0000000082000000, 0x0000000082100000, 0x0000000082100000|100%| O|  |TAMS 0x0000000082100000, 0x0000000082000000| Untracked 
|  33|0x0000000082100000, 0x0000000082200000, 0x0000000082200000|100%| O|  |TAMS 0x0000000082200000, 0x0000000082100000| Untracked 
|  34|0x0000000082200000, 0x0000000082300000, 0x0000000082300000|100%| O|  |TAMS 0x0000000082300000, 0x0000000082200000| Untracked 
|  35|0x0000000082300000, 0x0000000082400000, 0x0000000082400000|100%| O|  |TAMS 0x0000000082400000, 0x0000000082300000| Untracked 
|  36|0x0000000082400000, 0x0000000082500000, 0x0000000082500000|100%| O|  |TAMS 0x0000000082500000, 0x0000000082400000| Untracked 
|  37|0x0000000082500000, 0x0000000082600000, 0x0000000082600000|100%| O|  |TAMS 0x0000000082600000, 0x0000000082500000| Untracked 
|  38|0x0000000082600000, 0x0000000082700000, 0x0000000082700000|100%| O|  |TAMS 0x0000000082700000, 0x0000000082600000| Untracked 
|  39|0x0000000082700000, 0x0000000082800000, 0x0000000082800000|100%| O|  |TAMS 0x0000000082800000, 0x0000000082700000| Untracked 
|  40|0x0000000082800000, 0x0000000082900000, 0x0000000082900000|100%| O|  |TAMS 0x0000000082900000, 0x0000000082800000| Untracked 
|  41|0x0000000082900000, 0x0000000082a00000, 0x0000000082a00000|100%| O|  |TAMS 0x0000000082a00000, 0x0000000082900000| Untracked 
|  42|0x0000000082a00000, 0x0000000082b00000, 0x0000000082b00000|100%| O|  |TAMS 0x0000000082b00000, 0x0000000082a00000| Untracked 
|  43|0x0000000082b00000, 0x0000000082c00000, 0x0000000082c00000|100%| O|  |TAMS 0x0000000082c00000, 0x0000000082b00000| Untracked 
|  44|0x0000000082c00000, 0x0000000082d00000, 0x0000000082d00000|100%| O|  |TAMS 0x0000000082d00000, 0x0000000082c00000| Untracked 
|  45|0x0000000082d00000, 0x0000000082e00000, 0x0000000082e00000|100%| O|  |TAMS 0x0000000082e00000, 0x0000000082d00000| Untracked 
|  46|0x0000000082e00000, 0x0000000082f00000, 0x0000000082f00000|100%| O|  |TAMS 0x0000000082f00000, 0x0000000082e00000| Untracked 
|  47|0x0000000082f00000, 0x0000000083000000, 0x0000000083000000|100%| O|  |TAMS 0x0000000083000000, 0x0000000082f00000| Untracked 
|  48|0x0000000083000000, 0x0000000083100000, 0x0000000083100000|100%| O|  |TAMS 0x0000000083100000, 0x0000000083000000| Untracked 
|  49|0x0000000083100000, 0x0000000083200000, 0x0000000083200000|100%| O|  |TAMS 0x0000000083200000, 0x0000000083100000| Untracked 
|  50|0x0000000083200000, 0x0000000083300000, 0x0000000083300000|100%|HS|  |TAMS 0x0000000083300000, 0x0000000083200000| Complete 
|  51|0x0000000083300000, 0x0000000083400000, 0x0000000083400000|100%|HC|  |TAMS 0x0000000083400000, 0x0000000083300000| Complete 
|  52|0x0000000083400000, 0x0000000083500000, 0x0000000083500000|100%|HS|  |TAMS 0x0000000083500000, 0x0000000083400000| Complete 
|  53|0x0000000083500000, 0x0000000083600000, 0x0000000083600000|100%|HC|  |TAMS 0x0000000083600000, 0x0000000083500000| Complete 
|  54|0x0000000083600000, 0x0000000083700000, 0x0000000083700000|100%| O|  |TAMS 0x0000000083700000, 0x0000000083600000| Untracked 
|  55|0x0000000083700000, 0x0000000083800000, 0x0000000083800000|100%| O|  |TAMS 0x0000000083800000, 0x0000000083700000| Untracked 
|  56|0x0000000083800000, 0x0000000083900000, 0x0000000083900000|100%| O|  |TAMS 0x0000000083900000, 0x0000000083800000| Untracked 
|  57|0x0000000083900000, 0x0000000083a00000, 0x0000000083a00000|100%|HS|  |TAMS 0x0000000083a00000, 0x0000000083900000| Complete 
|  58|0x0000000083a00000, 0x0000000083b00000, 0x0000000083b00000|100%|HC|  |TAMS 0x0000000083b00000, 0x0000000083a00000| Complete 
|  59|0x0000000083b00000, 0x0000000083c00000, 0x0000000083c00000|100%|HC|  |TAMS 0x0000000083c00000, 0x0000000083b00000| Complete 
|  60|0x0000000083c00000, 0x0000000083d00000, 0x0000000083d00000|100%|HC|  |TAMS 0x0000000083d00000, 0x0000000083c00000| Complete 
|  61|0x0000000083d00000, 0x0000000083e00000, 0x0000000083e00000|100%|HS|  |TAMS 0x0000000083e00000, 0x0000000083d00000| Complete 
|  62|0x0000000083e00000, 0x0000000083f00000, 0x0000000083f00000|100%|HC|  |TAMS 0x0000000083f00000, 0x0000000083e00000| Complete 
|  63|0x0000000083f00000, 0x0000000084000000, 0x0000000084000000|100%|HC|  |TAMS 0x0000000084000000, 0x0000000083f00000| Complete 
|  64|0x0000000084000000, 0x0000000084100000, 0x0000000084100000|100%|HC|  |TAMS 0x0000000084100000, 0x0000000084000000| Complete 
|  65|0x0000000084100000, 0x0000000084200000, 0x0000000084200000|100%| O|  |TAMS 0x0000000084200000, 0x0000000084100000| Untracked 
|  66|0x0000000084200000, 0x0000000084300000, 0x0000000084300000|100%| O|  |TAMS 0x0000000084300000, 0x0000000084200000| Untracked 
|  67|0x0000000084300000, 0x0000000084400000, 0x0000000084400000|100%| O|  |TAMS 0x0000000084307600, 0x0000000084300000| Untracked 
|  68|0x0000000084400000, 0x000000008440b200, 0x0000000084500000|  4%| O|  |TAMS 0x0000000084400000, 0x0000000084400000| Untracked 
|  69|0x0000000084500000, 0x0000000084500000, 0x0000000084600000|  0%| F|  |TAMS 0x0000000084500000, 0x0000000084500000| Untracked 
|  70|0x0000000084600000, 0x0000000084600000, 0x0000000084700000|  0%| F|  |TAMS 0x0000000084600000, 0x0000000084600000| Untracked 
|  71|0x0000000084700000, 0x0000000084700000, 0x0000000084800000|  0%| F|  |TAMS 0x0000000084700000, 0x0000000084700000| Untracked 
|  72|0x0000000084800000, 0x0000000084800000, 0x0000000084900000|  0%| F|  |TAMS 0x0000000084800000, 0x0000000084800000| Untracked 
|  73|0x0000000084900000, 0x0000000084900000, 0x0000000084a00000|  0%| F|  |TAMS 0x0000000084900000, 0x0000000084900000| Untracked 
|  74|0x0000000084a00000, 0x0000000084a00000, 0x0000000084b00000|  0%| F|  |TAMS 0x0000000084a00000, 0x0000000084a00000| Untracked 
|  75|0x0000000084b00000, 0x0000000084b00000, 0x0000000084c00000|  0%| F|  |TAMS 0x0000000084b00000, 0x0000000084b00000| Untracked 
|  76|0x0000000084c00000, 0x0000000084c00000, 0x0000000084d00000|  0%| F|  |TAMS 0x0000000084c00000, 0x0000000084c00000| Untracked 
|  77|0x0000000084d00000, 0x0000000084d00000, 0x0000000084e00000|  0%| F|  |TAMS 0x0000000084d00000, 0x0000000084d00000| Untracked 
|  78|0x0000000084e00000, 0x0000000084e00000, 0x0000000084f00000|  0%| F|  |TAMS 0x0000000084e00000, 0x0000000084e00000| Untracked 
|  79|0x0000000084f00000, 0x0000000084f00000, 0x0000000085000000|  0%| F|  |TAMS 0x0000000084f00000, 0x0000000084f00000| Untracked 
|  80|0x0000000085000000, 0x0000000085000000, 0x0000000085100000|  0%| F|  |TAMS 0x0000000085000000, 0x0000000085000000| Untracked 
|  81|0x0000000085100000, 0x0000000085100000, 0x0000000085200000|  0%| F|  |TAMS 0x0000000085100000, 0x0000000085100000| Untracked 
|  82|0x0000000085200000, 0x0000000085200000, 0x0000000085300000|  0%| F|  |TAMS 0x0000000085200000, 0x0000000085200000| Untracked 
|  83|0x0000000085300000, 0x0000000085300000, 0x0000000085400000|  0%| F|  |TAMS 0x0000000085300000, 0x0000000085300000| Untracked 
|  84|0x0000000085400000, 0x0000000085400000, 0x0000000085500000|  0%| F|  |TAMS 0x0000000085400000, 0x0000000085400000| Untracked 
|  85|0x0000000085500000, 0x0000000085500000, 0x0000000085600000|  0%| F|  |TAMS 0x0000000085500000, 0x0000000085500000| Untracked 
|  86|0x0000000085600000, 0x0000000085600000, 0x0000000085700000|  0%| F|  |TAMS 0x0000000085600000, 0x0000000085600000| Untracked 
|  87|0x0000000085700000, 0x0000000085700000, 0x0000000085800000|  0%| F|  |TAMS 0x0000000085700000, 0x0000000085700000| Untracked 
|  88|0x0000000085800000, 0x0000000085800000, 0x0000000085900000|  0%| F|  |TAMS 0x0000000085800000, 0x0000000085800000| Untracked 
|  89|0x0000000085900000, 0x0000000085900000, 0x0000000085a00000|  0%| F|  |TAMS 0x0000000085900000, 0x0000000085900000| Untracked 
|  90|0x0000000085a00000, 0x0000000085a00000, 0x0000000085b00000|  0%| F|  |TAMS 0x0000000085a00000, 0x0000000085a00000| Untracked 
|  91|0x0000000085b00000, 0x0000000085b00000, 0x0000000085c00000|  0%| F|  |TAMS 0x0000000085b00000, 0x0000000085b00000| Untracked 
|  92|0x0000000085c00000, 0x0000000085c00000, 0x0000000085d00000|  0%| F|  |TAMS 0x0000000085c00000, 0x0000000085c00000| Untracked 
|  93|0x0000000085d00000, 0x0000000085d00000, 0x0000000085e00000|  0%| F|  |TAMS 0x0000000085d00000, 0x0000000085d00000| Untracked 
|  94|0x0000000085e00000, 0x0000000085e00000, 0x0000000085f00000|  0%| F|  |TAMS 0x0000000085e00000, 0x0000000085e00000| Untracked 
|  95|0x0000000085f00000, 0x0000000085f00000, 0x0000000086000000|  0%| F|  |TAMS 0x0000000085f00000, 0x0000000085f00000| Untracked 
|  96|0x0000000086000000, 0x0000000086000000, 0x0000000086100000|  0%| F|  |TAMS 0x0000000086000000, 0x0000000086000000| Untracked 
|  97|0x0000000086100000, 0x0000000086100000, 0x0000000086200000|  0%| F|  |TAMS 0x0000000086100000, 0x0000000086100000| Untracked 
|  98|0x0000000086200000, 0x0000000086200000, 0x0000000086300000|  0%| F|  |TAMS 0x0000000086200000, 0x0000000086200000| Untracked 
|  99|0x0000000086300000, 0x0000000086300000, 0x0000000086400000|  0%| F|  |TAMS 0x0000000086300000, 0x0000000086300000| Untracked 
| 100|0x0000000086400000, 0x0000000086400000, 0x0000000086500000|  0%| F|  |TAMS 0x0000000086400000, 0x0000000086400000| Untracked 
| 101|0x0000000086500000, 0x0000000086500000, 0x0000000086600000|  0%| F|  |TAMS 0x0000000086500000, 0x0000000086500000| Untracked 
| 102|0x0000000086600000, 0x0000000086600000, 0x0000000086700000|  0%| F|  |TAMS 0x0000000086600000, 0x0000000086600000| Untracked 
| 103|0x0000000086700000, 0x0000000086700000, 0x0000000086800000|  0%| F|  |TAMS 0x0000000086700000, 0x0000000086700000| Untracked 
| 104|0x0000000086800000, 0x0000000086800000, 0x0000000086900000|  0%| F|  |TAMS 0x0000000086800000, 0x0000000086800000| Untracked 
| 105|0x0000000086900000, 0x0000000086900000, 0x0000000086a00000|  0%| F|  |TAMS 0x0000000086900000, 0x0000000086900000| Untracked 
| 106|0x0000000086a00000, 0x0000000086a00000, 0x0000000086b00000|  0%| F|  |TAMS 0x0000000086a00000, 0x0000000086a00000| Untracked 
| 107|0x0000000086b00000, 0x0000000086b00000, 0x0000000086c00000|  0%| F|  |TAMS 0x0000000086b00000, 0x0000000086b00000| Untracked 
| 108|0x0000000086c00000, 0x0000000086c00000, 0x0000000086d00000|  0%| F|  |TAMS 0x0000000086c00000, 0x0000000086c00000| Untracked 
| 109|0x0000000086d00000, 0x0000000086d00000, 0x0000000086e00000|  0%| F|  |TAMS 0x0000000086d00000, 0x0000000086d00000| Untracked 
| 110|0x0000000086e00000, 0x0000000086e00000, 0x0000000086f00000|  0%| F|  |TAMS 0x0000000086e00000, 0x0000000086e00000| Untracked 
| 111|0x0000000086f00000, 0x0000000086f00000, 0x0000000087000000|  0%| F|  |TAMS 0x0000000086f00000, 0x0000000086f00000| Untracked 
| 112|0x0000000087000000, 0x0000000087000000, 0x0000000087100000|  0%| F|  |TAMS 0x0000000087000000, 0x0000000087000000| Untracked 
| 113|0x0000000087100000, 0x0000000087100000, 0x0000000087200000|  0%| F|  |TAMS 0x0000000087100000, 0x0000000087100000| Untracked 
| 114|0x0000000087200000, 0x0000000087200000, 0x0000000087300000|  0%| F|  |TAMS 0x0000000087200000, 0x0000000087200000| Untracked 
| 115|0x0000000087300000, 0x00000000873cfd70, 0x0000000087400000| 81%| S|CS|TAMS 0x0000000087300000, 0x0000000087300000| Complete 
| 116|0x0000000087400000, 0x0000000087400000, 0x0000000087500000|  0%| F|  |TAMS 0x0000000087400000, 0x0000000087400000| Untracked 
| 117|0x0000000087500000, 0x0000000087500000, 0x0000000087600000|  0%| F|  |TAMS 0x0000000087500000, 0x0000000087500000| Untracked 
| 118|0x0000000087600000, 0x0000000087600000, 0x0000000087700000|  0%| F|  |TAMS 0x0000000087600000, 0x0000000087600000| Untracked 
| 119|0x0000000087700000, 0x0000000087700000, 0x0000000087800000|  0%| F|  |TAMS 0x0000000087700000, 0x0000000087700000| Untracked 

Card table byte_map: [0x000001d8b9790000,0x000001d8b9b90000] _byte_map_base: 0x000001d8b9390000

Marking Bits (Prev, Next): (CMBitMap*) 0x000001d8a2580400, (CMBitMap*) 0x000001d8a25803c0
 Prev Bits: [0x000001d8bbf90000, 0x000001d8bdf90000)
 Next Bits: [0x000001d8b9f90000, 0x000001d8bbf90000)

Polling page: 0x000001d8a1ce0000

Metaspace:

Usage:
  Non-class:     57.85 MB used.
      Class:      9.41 MB used.
       Both:     67.26 MB used.

Virtual space:
  Non-class space:       64.00 MB reserved,      58.19 MB ( 91%) committed,  1 nodes.
      Class space:      416.00 MB reserved,       9.69 MB (  2%) committed,  1 nodes.
             Both:      480.00 MB reserved,      67.88 MB ( 14%) committed. 

Chunk freelists:
   Non-Class:  5.81 MB
       Class:  6.31 MB
        Both:  12.13 MB

MaxMetaspaceSize: 512.00 MB
CompressedClassSpaceSize: 416.00 MB
Initial GC threshold: 21.00 MB
Current GC threshold: 110.94 MB
CDS: on
MetaspaceReclaimPolicy: balanced
 - commit_granule_bytes: 65536.
 - commit_granule_words: 8192.
 - virtual_space_node_default_size: 8388608.
 - enlarge_chunks_in_place: 1.
 - new_chunks_are_fully_committed: 0.
 - uncommit_free_chunks: 1.
 - use_allocation_guard: 0.
 - handle_deallocations: 1.


Internal statistics:

num_allocs_failed_limit: 6.
num_arena_births: 846.
num_arena_deaths: 0.
num_vsnodes_births: 2.
num_vsnodes_deaths: 0.
num_space_committed: 1086.
num_space_uncommitted: 0.
num_chunks_returned_to_freelist: 6.
num_chunks_taken_from_freelist: 3520.
num_chunk_merges: 6.
num_chunk_splits: 2300.
num_chunks_enlarged: 1522.
num_inconsistent_stats: 0.

CodeHeap 'non-profiled nmethods': size=120000Kb used=3378Kb max_used=3378Kb free=116621Kb
 bounds [0x000001d8b1b30000, 0x000001d8b1e80000, 0x000001d8b9060000]
CodeHeap 'profiled nmethods': size=120000Kb used=13561Kb max_used=13561Kb free=106438Kb
 bounds [0x000001d8aa060000, 0x000001d8aada0000, 0x000001d8b1590000]
CodeHeap 'non-nmethods': size=5760Kb used=2417Kb max_used=2451Kb free=3342Kb
 bounds [0x000001d8b1590000, 0x000001d8b1800000, 0x000001d8b1b30000]
 total_blobs=8056 nmethods=7109 adapters=859
 compilation: enabled
              stopped_count=0, restarted_count=0
 full_count=0

Compilation events (20 events):
Event: 46.263 Thread 0x000001d8c09e63a0 7933       3       sun.net.www.MessageHeader::<init> (14 bytes)
Event: 46.263 Thread 0x000001d8c09e63a0 nmethod 7933 0x000001d8aad9bc10 code [0x000001d8aad9bdc0, 0x000001d8aad9bf68]
Event: 46.263 Thread 0x000001d8c09e63a0 7934       3       sun.net.www.MessageHeader::grow (92 bytes)
Event: 46.263 Thread 0x000001d8c09e63a0 nmethod 7934 0x000001d8aad9c010 code [0x000001d8aad9c1e0, 0x000001d8aad9c778]
Event: 46.263 Thread 0x000001d8c09e63a0 7935       1       java.net.JarURLConnection::getEntryName (5 bytes)
Event: 46.263 Thread 0x000001d8c09e63a0 nmethod 7935 0x000001d8b1e7c090 code [0x000001d8b1e7c220, 0x000001d8b1e7c2f8]
Event: 46.264 Thread 0x000001d8c09e63a0 7936   !   3       jdk.internal.loader.URLClassPath::checkURL (16 bytes)
Event: 46.265 Thread 0x000001d8c09e63a0 nmethod 7936 0x000001d8aad9c890 code [0x000001d8aad9ca40, 0x000001d8aad9cc08]
Event: 46.268 Thread 0x000001d8c09e63a0 7937       3       org.gradle.api.internal.plugins.DefaultPluginRegistry$PluginIdLookupCacheKey::equals (63 bytes)
Event: 46.268 Thread 0x000001d8c09e63a0 nmethod 7937 0x000001d8aad9cd10 code [0x000001d8aad9cf00, 0x000001d8aad9d498]
Event: 46.284 Thread 0x000001d8c09e63a0 7938       3       org.codehaus.groovy.util.ReferenceType$2::createReference (11 bytes)
Event: 46.285 Thread 0x000001d8c09e63a0 nmethod 7938 0x000001d8aad9d610 code [0x000001d8aad9d7e0, 0x000001d8aad9dc38]
Event: 46.285 Thread 0x000001d8c09e63a0 7939       3       org.codehaus.groovy.util.ReferenceType$WeakRef::<init> (12 bytes)
Event: 46.285 Thread 0x000001d8c09e63a0 nmethod 7939 0x000001d8aad9dd90 code [0x000001d8aad9df40, 0x000001d8aad9e2d8]
Event: 46.290 Thread 0x000001d8c09e63a0 7940       1       sun.reflect.generics.tree.ClassSignature::getSuperInterfaces (5 bytes)
Event: 46.290 Thread 0x000001d8c09e63a0 nmethod 7940 0x000001d8b1e7c390 code [0x000001d8b1e7c520, 0x000001d8b1e7c5f8]
Event: 46.291 Thread 0x000001d8c09e63a0 7942       3       com.sun.beans.util.Cache::index (7 bytes)
Event: 46.291 Thread 0x000001d8c09e63a0 nmethod 7942 0x000001d8aad9e410 code [0x000001d8aad9e5a0, 0x000001d8aad9e698]
Event: 46.301 Thread 0x000001d8c09e63a0 7944       1       org.codehaus.groovy.reflection.stdclasses.ObjectCachedClass::isAssignableFrom (2 bytes)
Event: 46.301 Thread 0x000001d8c09e63a0 nmethod 7944 0x000001d8b1e7c690 code [0x000001d8b1e7c820, 0x000001d8b1e7c8f8]

GC Heap History (20 events):
Event: 38.958 GC heap after
{Heap after GC invocations=18 (full 0):
 garbage-first heap   total 89088K, used 48153K [0x0000000080000000, 0x0000000100000000)
  region size 1024K, 3 young (3072K), 3 survivors (3072K)
 Metaspace       used 59008K, committed 59584K, reserved 491520K
  class space    used 8215K, committed 8512K, reserved 425984K
}
Event: 39.963 GC heap before
{Heap before GC invocations=19 (full 0):
 garbage-first heap   total 89088K, used 71705K [0x0000000080000000, 0x0000000100000000)
  region size 1024K, 27 young (27648K), 3 survivors (3072K)
 Metaspace       used 59318K, committed 59968K, reserved 491520K
  class space    used 8219K, committed 8512K, reserved 425984K
}
Event: 39.972 GC heap after
{Heap after GC invocations=20 (full 0):
 garbage-first heap   total 89088K, used 51237K [0x0000000080000000, 0x0000000100000000)
  region size 1024K, 4 young (4096K), 4 survivors (4096K)
 Metaspace       used 59318K, committed 59968K, reserved 491520K
  class space    used 8219K, committed 8512K, reserved 425984K
}
Event: 40.580 GC heap before
{Heap before GC invocations=20 (full 0):
 garbage-first heap   total 89088K, used 70693K [0x0000000080000000, 0x0000000100000000)
  region size 1024K, 23 young (23552K), 4 survivors (4096K)
 Metaspace       used 61109K, committed 61696K, reserved 491520K
  class space    used 8525K, committed 8768K, reserved 425984K
}
Event: 40.586 GC heap after
{Heap after GC invocations=21 (full 0):
 garbage-first heap   total 89088K, used 51911K [0x0000000080000000, 0x0000000100000000)
  region size 1024K, 2 young (2048K), 2 survivors (2048K)
 Metaspace       used 61109K, committed 61696K, reserved 491520K
  class space    used 8525K, committed 8768K, reserved 425984K
}
Event: 41.805 GC heap before
{Heap before GC invocations=22 (full 0):
 garbage-first heap   total 92160K, used 75463K [0x0000000080000000, 0x0000000100000000)
  region size 1024K, 21 young (21504K), 2 survivors (2048K)
 Metaspace       used 62466K, committed 63040K, reserved 491520K
  class space    used 8764K, committed 9024K, reserved 425984K
}
Event: 41.810 GC heap after
{Heap after GC invocations=23 (full 0):
 garbage-first heap   total 92160K, used 57242K [0x0000000080000000, 0x0000000100000000)
  region size 1024K, 3 young (3072K), 3 survivors (3072K)
 Metaspace       used 62466K, committed 63040K, reserved 491520K
  class space    used 8764K, committed 9024K, reserved 425984K
}
Event: 41.835 GC heap before
{Heap before GC invocations=23 (full 0):
 garbage-first heap   total 92160K, used 58266K [0x0000000080000000, 0x0000000100000000)
  region size 1024K, 4 young (4096K), 3 survivors (3072K)
 Metaspace       used 62562K, committed 63168K, reserved 491520K
  class space    used 8778K, committed 9088K, reserved 425984K
}
Event: 41.840 GC heap after
{Heap after GC invocations=24 (full 0):
 garbage-first heap   total 92160K, used 56770K [0x0000000080000000, 0x0000000100000000)
  region size 1024K, 1 young (1024K), 1 survivors (1024K)
 Metaspace       used 62562K, committed 63168K, reserved 491520K
  class space    used 8778K, committed 9088K, reserved 425984K
}
Event: 43.155 GC heap before
{Heap before GC invocations=24 (full 0):
 garbage-first heap   total 92160K, used 70082K [0x0000000080000000, 0x0000000100000000)
  region size 1024K, 16 young (16384K), 1 survivors (1024K)
 Metaspace       used 64384K, committed 65024K, reserved 491520K
  class space    used 9041K, committed 9344K, reserved 425984K
}
Event: 43.159 GC heap after
{Heap after GC invocations=25 (full 0):
 garbage-first heap   total 92160K, used 57627K [0x0000000080000000, 0x0000000100000000)
  region size 1024K, 2 young (2048K), 2 survivors (2048K)
 Metaspace       used 64384K, committed 65024K, reserved 491520K
  class space    used 9041K, committed 9344K, reserved 425984K
}
Event: 44.062 GC heap before
{Heap before GC invocations=26 (full 0):
 garbage-first heap   total 114688K, used 83227K [0x0000000080000000, 0x0000000100000000)
  region size 1024K, 20 young (20480K), 2 survivors (2048K)
 Metaspace       used 65714K, committed 66304K, reserved 491520K
  class space    used 9204K, committed 9472K, reserved 425984K
}
Event: 44.073 GC heap after
{Heap after GC invocations=27 (full 0):
 garbage-first heap   total 114688K, used 67935K [0x0000000080000000, 0x0000000100000000)
  region size 1024K, 3 young (3072K), 3 survivors (3072K)
 Metaspace       used 65714K, committed 66304K, reserved 491520K
  class space    used 9204K, committed 9472K, reserved 425984K
}
Event: 44.117 GC heap before
{Heap before GC invocations=27 (full 0):
 garbage-first heap   total 114688K, used 69983K [0x0000000080000000, 0x0000000100000000)
  region size 1024K, 5 young (5120K), 3 survivors (3072K)
 Metaspace       used 65941K, committed 66560K, reserved 491520K
  class space    used 9230K, committed 9536K, reserved 425984K
}
Event: 44.122 GC heap after
{Heap after GC invocations=28 (full 0):
 garbage-first heap   total 114688K, used 67373K [0x0000000080000000, 0x0000000100000000)
  region size 1024K, 1 young (1024K), 1 survivors (1024K)
 Metaspace       used 65941K, committed 66560K, reserved 491520K
  class space    used 9230K, committed 9536K, reserved 425984K
}
Event: 45.580 GC heap before
{Heap before GC invocations=28 (full 0):
 garbage-first heap   total 114688K, used 89901K [0x0000000080000000, 0x0000000100000000)
  region size 1024K, 23 young (23552K), 1 survivors (1024K)
 Metaspace       used 67374K, committed 67968K, reserved 491520K
  class space    used 9438K, committed 9728K, reserved 425984K
}
Event: 45.584 GC heap after
{Heap after GC invocations=29 (full 0):
 garbage-first heap   total 114688K, used 68692K [0x0000000080000000, 0x0000000100000000)
  region size 1024K, 2 young (2048K), 2 survivors (2048K)
 Metaspace       used 67374K, committed 67968K, reserved 491520K
  class space    used 9438K, committed 9728K, reserved 425984K
}
Event: 46.212 GC heap before
{Heap before GC invocations=30 (full 0):
 garbage-first heap   total 122880K, used 91220K [0x0000000080000000, 0x0000000100000000)
  region size 1024K, 24 young (24576K), 2 survivors (2048K)
 Metaspace       used 68724K, committed 69376K, reserved 491520K
  class space    used 9612K, committed 9920K, reserved 425984K
}
Event: 46.218 GC heap after
{Heap after GC invocations=31 (full 0):
 garbage-first heap   total 122880K, used 69226K [0x0000000080000000, 0x0000000100000000)
  region size 1024K, 2 young (2048K), 2 survivors (2048K)
 Metaspace       used 68724K, committed 69376K, reserved 491520K
  class space    used 9612K, committed 9920K, reserved 425984K
}
Event: 46.308 GC heap before
{Heap before GC invocations=31 (full 0):
 garbage-first heap   total 122880K, used 73322K [0x0000000080000000, 0x0000000100000000)
  region size 1024K, 6 young (6144K), 2 survivors (2048K)
 Metaspace       used 68875K, committed 69504K, reserved 491520K
  class space    used 9635K, committed 9920K, reserved 425984K
}

Dll operation events (15 events):
Event: 0.018 Loaded shared library C:\Users\jb300\.jdks\corretto-17.0.13\bin\java.dll
Event: 0.051 Loaded shared library C:\Users\jb300\.jdks\corretto-17.0.13\bin\jsvml.dll
Event: 0.164 Loaded shared library C:\Users\jb300\.jdks\corretto-17.0.13\bin\zip.dll
Event: 0.170 Loaded shared library C:\Users\jb300\.jdks\corretto-17.0.13\bin\instrument.dll
Event: 0.178 Loaded shared library C:\Users\jb300\.jdks\corretto-17.0.13\bin\net.dll
Event: 0.182 Loaded shared library C:\Users\jb300\.jdks\corretto-17.0.13\bin\nio.dll
Event: 0.186 Loaded shared library C:\Users\jb300\.jdks\corretto-17.0.13\bin\zip.dll
Event: 0.748 Loaded shared library C:\Users\jb300\.jdks\corretto-17.0.13\bin\jimage.dll
Event: 1.044 Loaded shared library C:\Users\jb300\.jdks\corretto-17.0.13\bin\verify.dll
Event: 1.340 Loaded shared library C:\Users\jb300\.gradle\native\c067742578af261105cb4f569cf0c3c89f3d7b1fecec35dd04571415982c5e48\windows-amd64\native-platform.dll
Event: 1.696 Loaded shared library C:\Users\jb300\.gradle\native\100fb08df4bc3b14c8652ba06237920a3bd2aa13389f12d3474272988ae205f9\windows-amd64\native-platform-file-events.dll
Event: 21.312 Loaded shared library C:\Users\jb300\.jdks\corretto-17.0.13\bin\management.dll
Event: 21.317 Loaded shared library C:\Users\jb300\.jdks\corretto-17.0.13\bin\management_ext.dll
Event: 21.702 Loaded shared library C:\Users\jb300\.jdks\corretto-17.0.13\bin\extnet.dll
Event: 22.422 Loaded shared library C:\Users\jb300\.jdks\corretto-17.0.13\bin\sunmscapi.dll

Deoptimization events (20 events):
Event: 44.192 Thread 0x000001d8e024c770 DEOPT PACKING pc=0x000001d8b1e59ea8 sp=0x0000006b986f4300
Event: 44.192 Thread 0x000001d8e024c770 DEOPT UNPACKING pc=0x000001d8b15e69a3 sp=0x0000006b986f41e8 mode 2
Event: 44.193 Thread 0x000001d8e024c770 Uncommon trap: trap_request=0xffffffde fr.pc=0x000001d8b1e59ea8 relative=0x0000000000000548
Event: 44.193 Thread 0x000001d8e024c770 Uncommon trap: reason=class_check action=maybe_recompile pc=0x000001d8b1e59ea8 method=kotlin.reflect.jvm.internal.impl.protobuf.CodedInputStream.tryRefillBuffer(I)Z @ 175 c2
Event: 44.193 Thread 0x000001d8e024c770 DEOPT PACKING pc=0x000001d8b1e59ea8 sp=0x0000006b986f43f0
Event: 44.193 Thread 0x000001d8e024c770 DEOPT UNPACKING pc=0x000001d8b15e69a3 sp=0x0000006b986f42d8 mode 2
Event: 44.194 Thread 0x000001d8e024c770 Uncommon trap: trap_request=0xffffffde fr.pc=0x000001d8b1e59ea8 relative=0x0000000000000548
Event: 44.194 Thread 0x000001d8e024c770 Uncommon trap: reason=class_check action=maybe_recompile pc=0x000001d8b1e59ea8 method=kotlin.reflect.jvm.internal.impl.protobuf.CodedInputStream.tryRefillBuffer(I)Z @ 175 c2
Event: 44.194 Thread 0x000001d8e024c770 DEOPT PACKING pc=0x000001d8b1e59ea8 sp=0x0000006b986f43f0
Event: 44.194 Thread 0x000001d8e024c770 DEOPT UNPACKING pc=0x000001d8b15e69a3 sp=0x0000006b986f42d8 mode 2
Event: 45.471 Thread 0x000001d8e024c770 Uncommon trap: trap_request=0xffffff45 fr.pc=0x000001d8b1e406e4 relative=0x0000000000000cc4
Event: 45.471 Thread 0x000001d8e024c770 Uncommon trap: reason=unstable_if action=reinterpret pc=0x000001d8b1e406e4 method=java.util.regex.Pattern.escape(ZZZ)I @ 8 c2
Event: 45.471 Thread 0x000001d8e024c770 DEOPT PACKING pc=0x000001d8b1e406e4 sp=0x0000006b986f4360
Event: 45.471 Thread 0x000001d8e024c770 DEOPT UNPACKING pc=0x000001d8b15e69a3 sp=0x0000006b986f4300 mode 2
Event: 45.974 Thread 0x000001d8e024c770 Uncommon trap: trap_request=0xffffff45 fr.pc=0x000001d8b1bc5604 relative=0x0000000000001aa4
Event: 45.974 Thread 0x000001d8e024c770 Uncommon trap: reason=unstable_if action=reinterpret pc=0x000001d8b1bc5604 method=java.util.concurrent.ConcurrentHashMap.computeIfAbsent(Ljava/lang/Object;Ljava/util/function/Function;)Ljava/lang/Object; @ 123 c2
Event: 45.974 Thread 0x000001d8e024c770 DEOPT PACKING pc=0x000001d8b1bc5604 sp=0x0000006b986f4c30
Event: 45.974 Thread 0x000001d8e024c770 DEOPT UNPACKING pc=0x000001d8b15e69a3 sp=0x0000006b986f4bc0 mode 2
Event: 46.264 Thread 0x000001d8e024c770 DEOPT PACKING pc=0x000001d8aa611d5e sp=0x0000006b986f4350
Event: 46.264 Thread 0x000001d8e024c770 DEOPT UNPACKING pc=0x000001d8b15e7143 sp=0x0000006b986f3818 mode 0

Classes loaded (20 events):
Event: 42.121 Loading class java/time/format/DateTimeFormatterBuilder$WeekBasedFieldPrinterParser
Event: 42.122 Loading class java/time/format/DateTimeFormatterBuilder$WeekBasedFieldPrinterParser done
Event: 42.175 Loading class com/sun/jmx/mbeanserver/StandardMBeanSupport
Event: 42.175 Loading class com/sun/jmx/mbeanserver/StandardMBeanSupport done
Event: 42.175 Loading class com/sun/jmx/mbeanserver/StandardMBeanIntrospector
Event: 42.176 Loading class com/sun/jmx/mbeanserver/StandardMBeanIntrospector done
Event: 43.312 Loading class sun/reflect/misc/MethodUtil
Event: 43.312 Loading class sun/reflect/misc/MethodUtil done
Event: 43.313 Loading class sun/reflect/misc/MethodUtil$1
Event: 43.313 Loading class sun/reflect/misc/MethodUtil$1 done
Event: 43.327 Loading class java/nio/channels/Channels$1
Event: 43.327 Loading class java/nio/channels/Channels$1 done
Event: 44.162 Loading class java/lang/Override
Event: 44.165 Loading class java/lang/Override done
Event: 45.179 Loading class java/util/regex/Pattern$Pos
Event: 45.180 Loading class java/util/regex/Pattern$Pos done
Event: 45.757 Loading class java/util/AbstractList$ListItr
Event: 45.768 Loading class java/util/AbstractList$ListItr done
Event: 45.987 Loading class java/util/regex/Pattern$1
Event: 45.988 Loading class java/util/regex/Pattern$1 done

Classes unloaded (0 events):
No events

Classes redefined (0 events):
No events

Internal exceptions (20 events):
Event: 41.134 Thread 0x000001d8e024c770 Implicit null exception at 0x000001d8b1b8b20f to 0x000001d8b1b8ba6c
Event: 41.134 Thread 0x000001d8e024c770 Implicit null exception at 0x000001d8b1bd7b94 to 0x000001d8b1bd83ec
Event: 41.850 Thread 0x000001d8e024c770 Exception <a 'java/lang/NoSuchMethodError'{0x0000000087551520}: static Lorg/jetbrains/kotlin/gradle/plugin/internal/DefaultConfigurationTimePropertiesAccessorVariantFactory;.<clinit>()V> (0x0000000087551520) 
thrown [s\src\hotspot\share\prims\jni.cpp, line 1112]
Event: 41.853 Thread 0x000001d8e024c770 Exception <a 'java/lang/NoSuchMethodError'{0x0000000087575970}: static Lorg/jetbrains/kotlin/gradle/plugin/internal/DefaultProjectIsolationStartParameterAccessorVariantFactory;.<clinit>()V> (0x0000000087575970) 
thrown [s\src\hotspot\share\prims\jni.cpp, line 1112]
Event: 41.858 Thread 0x000001d8e024c770 Exception <a 'java/lang/NoSuchMethodError'{0x00000000875a8b30}: static Lorg/jetbrains/kotlin/gradle/plugin/internal/DefaultArtifactTypeAttributeAccessorVariantFactory;.<clinit>()V> (0x00000000875a8b30) 
thrown [s\src\hotspot\share\prims\jni.cpp, line 1112]
Event: 41.861 Thread 0x000001d8e024c770 Exception <a 'java/lang/NoSuchMethodError'{0x00000000875db980}: static Lorg/jetbrains/kotlin/gradle/plugin/internal/DefaultCompatibilityConventionRegistrar$Factory;.<clinit>()V> (0x00000000875db980) 
thrown [s\src\hotspot\share\prims\jni.cpp, line 1112]
Event: 41.865 Thread 0x000001d8e024c770 Exception <a 'java/lang/NoSuchMethodError'{0x0000000085700240}: static Lorg/jetbrains/kotlin/gradle/plugin/internal/DefaultJavaSourceSetsAccessorVariantFactory;.<clinit>()V> (0x0000000085700240) 
thrown [s\src\hotspot\share\prims\jni.cpp, line 1112]
Event: 41.868 Thread 0x000001d8e024c770 Exception <a 'java/lang/NoSuchMethodError'{0x0000000085723b30}: static Lorg/jetbrains/kotlin/gradle/plugin/internal/DefaultIdeaSyncDetectorVariantFactory;.<clinit>()V> (0x0000000085723b30) 
thrown [s\src\hotspot\share\prims\jni.cpp, line 1112]
Event: 41.872 Thread 0x000001d8e024c770 Exception <a 'java/lang/NoSuchMethodError'{0x000000008574b590}: static Lorg/jetbrains/kotlin/gradle/plugin/internal/DefaultKotlinTestReportCompatibilityHelperVariantFactory;.<clinit>()V> (0x000000008574b590) 
thrown [s\src\hotspot\share\prims\jni.cpp, line 1112]
Event: 41.875 Thread 0x000001d8e024c770 Exception <a 'java/lang/NoSuchMethodError'{0x000000008576ffb8}: static Lorg/jetbrains/kotlin/gradle/plugin/internal/DefaultMppTestReportHelperVariantFactory;.<clinit>()V> (0x000000008576ffb8) 
thrown [s\src\hotspot\share\prims\jni.cpp, line 1112]
Event: 41.879 Thread 0x000001d8e024c770 Exception <a 'java/lang/NoSuchMethodError'{0x00000000857a3750}: static Lorg/jetbrains/kotlin/gradle/plugin/internal/DefaultConfigurationCacheStartParameterAccessorVariantFactory;.<clinit>()V> (0x00000000857a3750) 
thrown [s\src\hotspot\share\prims\jni.cpp, line 1112]
Event: 41.882 Thread 0x000001d8e024c770 Exception <a 'java/lang/NoSuchMethodError'{0x00000000857c8bd0}: static Lorg/jetbrains/kotlin/gradle/plugin/internal/MavenPluginConfigurator$DefaultMavenPluginConfiguratorVariantFactory;.<clinit>()V> (0x00000000857c8bd0) 
thrown [s\src\hotspot\share\prims\jni.cpp, line 1112]
Event: 41.886 Thread 0x000001d8e024c770 Exception <a 'java/lang/NoSuchMethodError'{0x00000000857ec510}: static Lorg/jetbrains/kotlin/gradle/targets/js/nodejs/DefaultUnameExecutorVariantFactory;.<clinit>()V> (0x00000000857ec510) 
thrown [s\src\hotspot\share\prims\jni.cpp, line 1112]
Event: 41.889 Thread 0x000001d8e024c770 Exception <a 'java/lang/NoSuchMethodError'{0x0000000085610d68}: static Lorg/jetbrains/kotlin/gradle/plugin/internal/DefaultBasePluginConfigurationVariantFactory;.<clinit>()V> (0x0000000085610d68) 
thrown [s\src\hotspot\share\prims\jni.cpp, line 1112]
Event: 41.933 Thread 0x000001d8e024c770 Exception <a 'java/lang/IncompatibleClassChangeError'{0x00000000856de2f8}: Found class java.lang.Object, but interface was expected> (0x00000000856de2f8) 
thrown [s\src\hotspot\share\interpreter\linkResolver.cpp, line 826]
Event: 46.288 Thread 0x000001d8e024c770 Exception <a 'java/lang/ClassNotFoundException'{0x00000000875d7dc8}: org/jetbrains/kotlin/gradle/targets/js/npm/DefaultNpmDependencyExtensionBeanInfo> (0x00000000875d7dc8) 
thrown [s\src\hotspot\share\classfile\systemDictionary.cpp, line 256]
Event: 46.290 Thread 0x000001d8e024c770 Exception <a 'java/lang/ClassNotFoundException'{0x00000000875eca60}: org/jetbrains/kotlin/gradle/targets/js/npm/DefaultNpmDependencyExtensionCustomizer> (0x00000000875eca60) 
thrown [s\src\hotspot\share\classfile\systemDictionary.cpp, line 256]
Event: 46.303 Thread 0x000001d8e024c770 Exception <a 'java/lang/ClassNotFoundException'{0x00000000874a1380}: org/jetbrains/kotlin/gradle/targets/js/npm/NpmDependencyExtensionKt$defaultNpmDependencyDelegate$1BeanInfo> (0x00000000874a1380) 
thrown [s\src\hotspot\share\classfile\systemDictionary.cpp, line 256]
Event: 46.304 Thread 0x000001d8e024c770 Exception <a 'java/lang/ClassNotFoundException'{0x00000000874b62f8}: org/jetbrains/kotlin/gradle/targets/js/npm/NpmDependencyExtensionDelegateBeanInfo> (0x00000000874b62f8) 
thrown [s\src\hotspot\share\classfile\systemDictionary.cpp, line 256]
Event: 46.306 Thread 0x000001d8e024c770 Exception <a 'java/lang/ClassNotFoundException'{0x00000000874cb260}: org/jetbrains/kotlin/gradle/targets/js/npm/NpmDependencyExtensionDelegateCustomizer> (0x00000000874cb260) 
thrown [s\src\hotspot\share\classfile\systemDictionary.cpp, line 256]

VM Operations (20 events):
Event: 43.234 Executing VM operation: G1PauseRemark done
Event: 43.272 Executing VM operation: G1PauseCleanup
Event: 43.273 Executing VM operation: G1PauseCleanup done
Event: 44.062 Executing VM operation: G1CollectForAllocation
Event: 44.073 Executing VM operation: G1CollectForAllocation done
Event: 44.117 Executing VM operation: G1CollectForAllocation
Event: 44.122 Executing VM operation: G1CollectForAllocation done
Event: 45.134 Executing VM operation: Cleanup
Event: 45.134 Executing VM operation: Cleanup done
Event: 45.580 Executing VM operation: G1CollectForAllocation
Event: 45.584 Executing VM operation: G1CollectForAllocation done
Event: 45.655 Executing VM operation: G1PauseRemark
Event: 45.661 Executing VM operation: G1PauseRemark done
Event: 45.698 Executing VM operation: G1PauseCleanup
Event: 45.698 Executing VM operation: G1PauseCleanup done
Event: 45.769 Executing VM operation: HandshakeAllThreads
Event: 45.769 Executing VM operation: HandshakeAllThreads done
Event: 46.212 Executing VM operation: G1CollectForAllocation
Event: 46.218 Executing VM operation: G1CollectForAllocation done
Event: 46.308 Executing VM operation: G1CollectForAllocation

Memory protections (0 events):
No events

Nmethod flushes (20 events):
Event: 35.792 Thread 0x000001d8c09eb870 flushing  nmethod 0x000001d8aa9d5290
Event: 35.792 Thread 0x000001d8c09eb870 flushing  nmethod 0x000001d8aa9d5690
Event: 35.792 Thread 0x000001d8c09eb870 flushing  nmethod 0x000001d8aa9d6c10
Event: 35.792 Thread 0x000001d8c09eb870 flushing  nmethod 0x000001d8aa9d7810
Event: 35.792 Thread 0x000001d8c09eb870 flushing  nmethod 0x000001d8aa9d9810
Event: 35.792 Thread 0x000001d8c09eb870 flushing  nmethod 0x000001d8aa9dc990
Event: 35.792 Thread 0x000001d8c09eb870 flushing  nmethod 0x000001d8aa9dcd10
Event: 35.792 Thread 0x000001d8c09eb870 flushing  nmethod 0x000001d8aa9dd990
Event: 35.792 Thread 0x000001d8c09eb870 flushing  nmethod 0x000001d8aa9dde90
Event: 35.793 Thread 0x000001d8c09eb870 flushing  nmethod 0x000001d8aa9e1e90
Event: 35.793 Thread 0x000001d8c09eb870 flushing  nmethod 0x000001d8aa9e8490
Event: 35.793 Thread 0x000001d8c09eb870 flushing  nmethod 0x000001d8aa9edd10
Event: 35.793 Thread 0x000001d8c09eb870 flushing  nmethod 0x000001d8aa9f8690
Event: 35.793 Thread 0x000001d8c09eb870 flushing  nmethod 0x000001d8aa9f9590
Event: 35.793 Thread 0x000001d8c09eb870 flushing  nmethod 0x000001d8aa9fb310
Event: 35.793 Thread 0x000001d8c09eb870 flushing  nmethod 0x000001d8aa9fbe10
Event: 35.793 Thread 0x000001d8c09eb870 flushing  nmethod 0x000001d8aa9fcc90
Event: 35.793 Thread 0x000001d8c09eb870 flushing  nmethod 0x000001d8aa9fd410
Event: 35.793 Thread 0x000001d8c09eb870 flushing  nmethod 0x000001d8aa9fde90
Event: 35.793 Thread 0x000001d8c09eb870 flushing  nmethod 0x000001d8aaa8c290

Events (20 events):
Event: 38.842 Thread 0x000001d8e024c770 Thread added: 0x000001d8e41af980
Event: 38.843 Thread 0x000001d8e024c770 Thread added: 0x000001d8e41a9950
Event: 38.843 Thread 0x000001d8e024c770 Thread added: 0x000001d8e41a8a20
Event: 38.843 Thread 0x000001d8e024c770 Thread added: 0x000001d8e41a9e60
Event: 38.941 Thread 0x000001d8e024c770 Thread added: 0x000001d8e41ad100
Event: 38.943 Thread 0x000001d8e024c770 Thread added: 0x000001d8e41aef60
Event: 38.947 Thread 0x000001d8e024c770 Thread added: 0x000001d8e41aad90
Event: 38.964 Thread 0x000001d8e024c770 Thread added: 0x000001d8e41abcc0
Event: 38.970 Thread 0x000001d8e024c770 Thread added: 0x000001d8e41adb20
Event: 38.995 Thread 0x000001d8e024c770 Thread added: 0x000001d8e41ae030
Event: 39.002 Thread 0x000001d8e024c770 Thread added: 0x000001d8e41ab2a0
Event: 39.174 Thread 0x000001d8e024c770 Thread added: 0x000001d8e41ae540
Event: 39.175 Thread 0x000001d8e024c770 Thread added: 0x000001d8e024dbb0
Event: 39.176 Thread 0x000001d8e024c770 Thread added: 0x000001d8e4672ce0
Event: 39.177 Thread 0x000001d8e024c770 Thread added: 0x000001d8e4675a70
Event: 39.178 Thread 0x000001d8e024c770 Thread added: 0x000001d8e46731f0
Event: 39.179 Thread 0x000001d8e024c770 Thread added: 0x000001d8e46722c0
Event: 39.180 Thread 0x000001d8e024c770 Thread added: 0x000001d8e4676eb0
Event: 40.419 Thread 0x000001d8e024c770 Thread added: 0x000001d8e4674b40
Event: 42.199 Thread 0x000001d8e024c770 Thread added: 0x000001d8e466ff50


Dynamic libraries:
0x00007ff7f8100000 - 0x00007ff7f810e000 	C:\Users\jb300\.jdks\corretto-17.0.13\bin\java.exe
0x00007ffbd6370000 - 0x00007ffbd6568000 	C:\Windows\SYSTEM32\ntdll.dll
0x00007ffbd60d0000 - 0x00007ffbd6192000 	C:\Windows\System32\KERNEL32.DLL
0x00007ffbd3f10000 - 0x00007ffbd420e000 	C:\Windows\System32\KERNELBASE.dll
0x00007ffbd3a10000 - 0x00007ffbd3b10000 	C:\Windows\System32\ucrtbase.dll
0x00007ffbd1840000 - 0x00007ffbd1857000 	C:\Users\jb300\.jdks\corretto-17.0.13\bin\jli.dll
0x00007ffbceb00000 - 0x00007ffbceb1b000 	C:\Users\jb300\.jdks\corretto-17.0.13\bin\VCRUNTIME140.dll
0x00007ffbd4e40000 - 0x00007ffbd4fdd000 	C:\Windows\System32\USER32.dll
0x00007ffbbdbb0000 - 0x00007ffbbde4a000 	C:\Windows\WinSxS\amd64_microsoft.windows.common-controls_6595b64144ccf1df_6.0.19041.4355_none_60b8b9eb71f62e16\COMCTL32.dll
0x00007ffbd4210000 - 0x00007ffbd4232000 	C:\Windows\System32\win32u.dll
0x00007ffbd5cf0000 - 0x00007ffbd5d8e000 	C:\Windows\System32\msvcrt.dll
0x00007ffbd5b30000 - 0x00007ffbd5b5b000 	C:\Windows\System32\GDI32.dll
0x00007ffbd3b60000 - 0x00007ffbd3c77000 	C:\Windows\System32\gdi32full.dll
0x00007ffbd4240000 - 0x00007ffbd42dd000 	C:\Windows\System32\msvcp_win.dll
0x00007ffbd5cc0000 - 0x00007ffbd5cef000 	C:\Windows\System32\IMM32.DLL
0x00007ffbd1a20000 - 0x00007ffbd1a2c000 	C:\Users\jb300\.jdks\corretto-17.0.13\bin\vcruntime140_1.dll
0x00007ffbac270000 - 0x00007ffbac2fd000 	C:\Users\jb300\.jdks\corretto-17.0.13\bin\msvcp140.dll
0x00007ffaeadd0000 - 0x00007ffaeba3c000 	C:\Users\jb300\.jdks\corretto-17.0.13\bin\server\jvm.dll
0x00007ffbd44c0000 - 0x00007ffbd4571000 	C:\Windows\System32\ADVAPI32.dll
0x00007ffbd4da0000 - 0x00007ffbd4e3f000 	C:\Windows\System32\sechost.dll
0x00007ffbd6200000 - 0x00007ffbd6323000 	C:\Windows\System32\RPCRT4.dll
0x00007ffbd3c80000 - 0x00007ffbd3ca7000 	C:\Windows\System32\bcrypt.dll
0x00007ffbd5f20000 - 0x00007ffbd5f8b000 	C:\Windows\System32\WS2_32.dll
0x00007ffbd3870000 - 0x00007ffbd38bb000 	C:\Windows\SYSTEM32\POWRPROF.dll
0x00007ffbca5d0000 - 0x00007ffbca5da000 	C:\Windows\SYSTEM32\VERSION.dll
0x00007ffbc83e0000 - 0x00007ffbc8407000 	C:\Windows\SYSTEM32\WINMM.dll
0x00007ffbd3850000 - 0x00007ffbd3862000 	C:\Windows\SYSTEM32\UMPDC.dll
0x00007ffbd21f0000 - 0x00007ffbd2202000 	C:\Windows\SYSTEM32\kernel.appcore.dll
0x00007ffbd1950000 - 0x00007ffbd195a000 	C:\Users\jb300\.jdks\corretto-17.0.13\bin\jimage.dll
0x00007ffbd1620000 - 0x00007ffbd1804000 	C:\Windows\SYSTEM32\DBGHELP.DLL
0x00007ffbc3400000 - 0x00007ffbc3434000 	C:\Windows\SYSTEM32\dbgcore.DLL
0x00007ffbd3d20000 - 0x00007ffbd3da2000 	C:\Windows\System32\bcryptPrimitives.dll
0x00007ffbbe340000 - 0x00007ffbbe34e000 	C:\Users\jb300\.jdks\corretto-17.0.13\bin\instrument.dll
0x00007ffbbe6e0000 - 0x00007ffbbe705000 	C:\Users\jb300\.jdks\corretto-17.0.13\bin\java.dll
0x00007ffbabf50000 - 0x00007ffbac027000 	C:\Users\jb300\.jdks\corretto-17.0.13\bin\jsvml.dll
0x00007ffbd5060000 - 0x00007ffbd57cd000 	C:\Windows\System32\SHELL32.dll
0x00007ffbd1a30000 - 0x00007ffbd21d4000 	C:\Windows\SYSTEM32\windows.storage.dll
0x00007ffbd57d0000 - 0x00007ffbd5b23000 	C:\Windows\System32\combase.dll
0x00007ffbd3360000 - 0x00007ffbd338e000 	C:\Windows\SYSTEM32\Wldp.dll
0x00007ffbd4390000 - 0x00007ffbd445d000 	C:\Windows\System32\OLEAUT32.dll
0x00007ffbd5d90000 - 0x00007ffbd5e3d000 	C:\Windows\System32\SHCORE.dll
0x00007ffbd61a0000 - 0x00007ffbd61f5000 	C:\Windows\System32\shlwapi.dll
0x00007ffbd3940000 - 0x00007ffbd3964000 	C:\Windows\SYSTEM32\profapi.dll
0x00007ffbbe450000 - 0x00007ffbbe468000 	C:\Users\jb300\.jdks\corretto-17.0.13\bin\zip.dll
0x00007ffbcbad0000 - 0x00007ffbcbae9000 	C:\Users\jb300\.jdks\corretto-17.0.13\bin\net.dll
0x00007ffbcb0b0000 - 0x00007ffbcb1bd000 	C:\Windows\SYSTEM32\WINHTTP.dll
0x00007ffbd30d0000 - 0x00007ffbd313a000 	C:\Windows\system32\mswsock.dll
0x00007ffbcb910000 - 0x00007ffbcb926000 	C:\Users\jb300\.jdks\corretto-17.0.13\bin\nio.dll
0x00007ffbcf810000 - 0x00007ffbcf820000 	C:\Users\jb300\.jdks\corretto-17.0.13\bin\verify.dll
0x00007ffbcc620000 - 0x00007ffbcc647000 	C:\Users\jb300\.gradle\native\c067742578af261105cb4f569cf0c3c89f3d7b1fecec35dd04571415982c5e48\windows-amd64\native-platform.dll
0x00007ffb9e200000 - 0x00007ffb9e344000 	C:\Users\jb300\.gradle\native\100fb08df4bc3b14c8652ba06237920a3bd2aa13389f12d3474272988ae205f9\windows-amd64\native-platform-file-events.dll
0x00007ffbceaf0000 - 0x00007ffbceaf9000 	C:\Users\jb300\.jdks\corretto-17.0.13\bin\management.dll
0x00007ffbcc650000 - 0x00007ffbcc65b000 	C:\Users\jb300\.jdks\corretto-17.0.13\bin\management_ext.dll
0x00007ffbd5b70000 - 0x00007ffbd5b78000 	C:\Windows\System32\PSAPI.DLL
0x00007ffbd32c0000 - 0x00007ffbd32d8000 	C:\Windows\SYSTEM32\CRYPTSP.dll
0x00007ffbd29c0000 - 0x00007ffbd29f4000 	C:\Windows\system32\rsaenh.dll
0x00007ffbd38c0000 - 0x00007ffbd38ee000 	C:\Windows\SYSTEM32\USERENV.dll
0x00007ffbd3720000 - 0x00007ffbd372c000 	C:\Windows\SYSTEM32\CRYPTBASE.dll
0x00007ffbd2d90000 - 0x00007ffbd2dcb000 	C:\Windows\SYSTEM32\IPHLPAPI.DLL
0x00007ffbd5b60000 - 0x00007ffbd5b68000 	C:\Windows\System32\NSI.dll
0x00007ffbcc600000 - 0x00007ffbcc617000 	C:\Windows\SYSTEM32\dhcpcsvc6.DLL
0x00007ffbcc5e0000 - 0x00007ffbcc5fd000 	C:\Windows\SYSTEM32\dhcpcsvc.DLL
0x00007ffbd2dd0000 - 0x00007ffbd2e9a000 	C:\Windows\SYSTEM32\DNSAPI.dll
0x00007ffbbe6d0000 - 0x00007ffbbe6d9000 	C:\Users\jb300\.jdks\corretto-17.0.13\bin\extnet.dll
0x00007ffbb38c0000 - 0x00007ffbb38ce000 	C:\Users\jb300\.jdks\corretto-17.0.13\bin\sunmscapi.dll
0x00007ffbd3db0000 - 0x00007ffbd3f0c000 	C:\Windows\System32\CRYPT32.dll
0x00007ffbd33d0000 - 0x00007ffbd33f7000 	C:\Windows\SYSTEM32\ncrypt.dll
0x00007ffbd3390000 - 0x00007ffbd33cb000 	C:\Windows\SYSTEM32\NTASN1.dll
0x00007ffbc44f0000 - 0x00007ffbc44f7000 	C:\Windows\system32\wshunix.dll
0x00007ffbcbb40000 - 0x00007ffbcbb4a000 	C:\Windows\System32\rasadhlp.dll
0x00007ffbc6070000 - 0x00007ffbc60f0000 	C:\Windows\System32\fwpuclnt.dll

dbghelp: loaded successfully - version: 4.0.5 - missing functions: none
symbol engine: initialized successfully - sym options: 0x614 - pdb path: .;C:\Users\jb300\.jdks\corretto-17.0.13\bin;C:\Windows\SYSTEM32;C:\Windows\WinSxS\amd64_microsoft.windows.common-controls_6595b64144ccf1df_6.0.19041.4355_none_60b8b9eb71f62e16;C:\Users\jb300\.jdks\corretto-17.0.13\bin\server;C:\Users\jb300\.gradle\native\c067742578af261105cb4f569cf0c3c89f3d7b1fecec35dd04571415982c5e48\windows-amd64;C:\Users\jb300\.gradle\native\100fb08df4bc3b14c8652ba06237920a3bd2aa13389f12d3474272988ae205f9\windows-amd64

VM Arguments:
jvm_args: -XX:MaxMetaspaceSize=512m --add-opens=java.base/java.util=ALL-UNNAMED --add-opens=java.base/java.lang=ALL-UNNAMED --add-opens=java.base/java.lang.invoke=ALL-UNNAMED --add-opens=java.prefs/java.util.prefs=ALL-UNNAMED --add-exports=jdk.compiler/com.sun.tools.javac.api=ALL-UNNAMED --add-exports=jdk.compiler/com.sun.tools.javac.util=ALL-UNNAMED --add-opens=java.base/java.nio.charset=ALL-UNNAMED --add-opens=java.base/java.net=ALL-UNNAMED --add-opens=java.base/java.util.concurrent.atomic=ALL-UNNAMED -Xmx2048m -Dfile.encoding=windows-1252 -Duser.country=RU -Duser.language=ru -Duser.variant -javaagent:C:\Users\jb300\.gradle\wrapper\dists\gradle-8.10.2-all\7iv73wktx1xtkvlq19urqw1wm\gradle-8.10.2\lib\agents\gradle-instrumentation-agent-8.10.2.jar 
java_command: org.gradle.launcher.daemon.bootstrap.GradleDaemon 8.10.2
java_class_path (initial): C:\Users\jb300\.gradle\wrapper\dists\gradle-8.10.2-all\7iv73wktx1xtkvlq19urqw1wm\gradle-8.10.2\lib\gradle-daemon-main-8.10.2.jar
Launcher Type: SUN_STANDARD

[Global flags]
     intx CICompilerCount                          = 4                                         {product} {ergonomic}
   size_t CompressedClassSpaceSize                 = 436207616                                 {product} {ergonomic}
     uint ConcGCThreads                            = 2                                         {product} {ergonomic}
     uint G1ConcRefinementThreads                  = 8                                         {product} {ergonomic}
   size_t G1HeapRegionSize                         = 1048576                                   {product} {ergonomic}
    uintx GCDrainStackTargetSize                   = 64                                        {product} {ergonomic}
   size_t InitialHeapSize                          = 123731968                                 {product} {ergonomic}
   size_t MarkStackSize                            = 4194304                                   {product} {ergonomic}
   size_t MaxHeapSize                              = 2147483648                                {product} {command line}
   size_t MaxMetaspaceSize                         = 536870912                                 {product} {command line}
   size_t MaxNewSize                               = 1287651328                                {product} {ergonomic}
   size_t MinHeapDeltaBytes                        = 1048576                                   {product} {ergonomic}
   size_t MinHeapSize                              = 8388608                                   {product} {ergonomic}
    uintx NonNMethodCodeHeapSize                   = 5839372                                {pd product} {ergonomic}
    uintx NonProfiledCodeHeapSize                  = 122909434                              {pd product} {ergonomic}
    uintx ProfiledCodeHeapSize                     = 122909434                              {pd product} {ergonomic}
    uintx ReservedCodeCacheSize                    = 251658240                              {pd product} {ergonomic}
     bool SegmentedCodeCache                       = true                                      {product} {ergonomic}
   size_t SoftMaxHeapSize                          = 2147483648                             {manageable} {ergonomic}
     bool UseCompressedClassPointers               = true                           {product lp64_product} {ergonomic}
     bool UseCompressedOops                        = true                           {product lp64_product} {ergonomic}
     bool UseG1GC                                  = true                                      {product} {ergonomic}
     bool UseLargePagesIndividualAllocation        = false                                  {pd product} {ergonomic}

Logging:
Log output configuration:
 #0: stdout all=warning uptime,level,tags
 #1: stderr all=off uptime,level,tags

Environment Variables:
JAVA_HOME=C:\Users\jb300\.jdks\corretto-17.0.13\
CLASSPATH=C:\Users\jb300\Desktop\UbiCompLabs\Assignment 2\Flashcard-App\android\\gradle\wrapper\gradle-wrapper.jar
PATH=C:\Program Files\Common Files\Oracle\Java\javapath;C:\Python312\Scripts\;C:\Python312\;C:\Program Files (x86)\VMware\VMware Player\bin\;C:\Program Files (x86)\NVIDIA Corporation\PhysX\Common;C:\Windows\system32;C:\Windows;C:\Windows\System32\Wbem;C:\Windows\System32\WindowsPowerShell\v1.0\;C:\Windows\System32\OpenSSH\;C:\Program Files\Git LFS;C:\Program Files\Microsoft SQL Server\130\Tools\Binn\;C:\Program Files\Microsoft SQL Server\Client SDK\ODBC\170\Tools\Binn\;C:\Program Files\nodejs\;C:\ProgramData\chocolatey\bin;C:\Program Files\Microsoft SQL Server\150\Tools\Binn\;C:\Program Files\dotnet\;C:\Program Files\Docker\Docker\resources\bin;C:\Program Files\Mullvad VPN\resources;C:\Program Files\Git\cmd;C:\Users\jb300\AppData\Local\Programs\Eclipse Foundation\jdk-11.0.12.7-hotspot\bin;C:\Users\jb300\AppData\Local\Microsoft\WindowsApps;C:\Users\jb300\AppData\Local\GitHubDesktop\bin;C:\Users\jb300\AppData\Local\GitHubDesktop\app-2.9.3\resources\app\git\cmd;C:\Users\jb300\AppData\Local\JetBrains\Toolbox\scripts;C:\Users\jb300\AppData\Local\Programs\Microsoft VS Code\bin;C:\Users\jb300\AppData\Roaming\npm;C:\Users\jb300\.dotnet\tools
USERNAME=jb300
LANG=en_US.UTF-8
OS=Windows_NT
PROCESSOR_IDENTIFIER=AMD64 Family 23 Model 96 Stepping 1, AuthenticAMD
TMP=C:\Users\jb300\AppData\Local\Temp
TEMP=C:\Users\jb300\AppData\Local\Temp



Periodic native trim disabled


---------------  S Y S T E M  ---------------

OS:
 Windows 10 , 64 bit Build 19041 (10.0.19041.5198)
OS uptime: 3 days 17:25 hours
Hyper-V role detected

CPU: total 8 (initial active 8) (8 cores per cpu, 1 threads per core) family 23 model 96 stepping 1 microcode 0x0, cx8, cmov, fxsr, mmx, 3dnowpref, sse, sse2, sse3, ssse3, sse4a, sse4.1, sse4.2, popcnt, lzcnt, tsc, tscinvbit, avx, avx2, aes, clmul, bmi1, bmi2, adx, sha, fma, vzeroupper, clflush, clflushopt, hv
Processor Information for all 8 processors :
  Max Mhz: 2000, Current Mhz: 1400, Mhz Limit: 2000

Memory: 4k page, system-wide physical 7549M (160M free)
TotalPageFile size 31101M (AvailPageFile size 61M)
current process WorkingSet (physical memory assigned to process): 312M, peak: 312M
current process commit charge ("private bytes"): 353M, peak: 451M

vm_info: OpenJDK 64-Bit Server VM (17.0.13+11-LTS) for windows-amd64 JRE (17.0.13+11-LTS), built on Oct 10 2024 19:51:30 by "Administrator" with MS VC++ 16.10 / 16.11 (VS2019)

END.
